Executing: "D:\Klocwork\Server 22.2\bin\kwloaddb.exe" "--local" "--lang" "en" "--url" "http://DESKTOP-9H9HNA9:8011" "--login" "cxx" "build_1" "D:\Klocwork\Server 22.2\projects_root\projects\cxx\builds\build_1\tables" "1" "--db-url" "jdbc:mysql://DESKTOP-9H9HNA9:3310/" "--db-user" "kw"

Stage: propagation
Loading new build data...
Preparing for propagation...
Binding entities...
Stage: parsing source files
Stage: build database loading
Starting at 9/9/22 1:21 PM
Loading build database...
Loading build database - progress: 2%
Loading build database - progress: 4%
Loading build database - progress: 6%
Loading build database - progress: 8%
Loading build database - progress: 10%
Generating indexes:
Loading build database - progress: 12%
	model System Model
Loading build database - progress: 14%
Loading build database - progress: 17%
Loading build database - progress: 19%
Loading build database - progress: 21%
Loading build database - progress: 23%
Loading build database - progress: 25%
Loading build database - progress: 27%
Loading build database - progress: 29%
Loading build database - progress: 31%
Loading build database - progress: 34%
Loading build database - progress: 36%
Loading build database - progress: 38%
Loading build database - progress: 40%
Loading build database - progress: 42%
Loading build database - progress: 44%
Loading build database - progress: 46%
Loading build database - progress: 48%
Loading build database - progress: 51%
Loading build database - progress: 53%
Loading build database - progress: 55%
Loading build database - progress: 57%
Loading build database - progress: 59%
Loading build database - progress: 61%
Loading build database - progress: 63%
Loading build database - progress: 65%
Loading build database - progress: 68%
Loading build database - progress: 70%
Loading build database - progress: 72%
Loading build database - progress: 74%
Loading build database - progress: 76%
Loading build database - progress: 78%
Loading build database - progress: 80%
Loading build database - progress: 82%
Loading build database - progress: 85%
Loading build database - progress: 87%
Loading build database - progress: 89%
Loading build database - progress: 91%
Loading build database - progress: 93%
Loading build database - progress: 95%
Loading build database - progress: 97%
Loading build database - progress: 100%
Copying new build files to server...
	copying model System Model...
Stage: prepare shared database loading
Stage: defects matching and propagation
Stage: shared database loading
Starting at 9/9/22 1:21 PM
Loading project database...
Loading project database - progress: 1%
Loading project database - progress: 2%
Loading project database - progress: 3%
Loading project database - progress: 4%
Loading project database - progress: 5%
Loading project database - progress: 6%
Loading project database - progress: 7%
Loading project database - progress: 8%
Loading project database - progress: 9%
Loading project database - progress: 10%
Loading project database - progress: 11%
Loading project database - progress: 13%
Loading project database - progress: 14%
Loading project database - progress: 15%
Loading project database - progress: 16%
Loading project database - progress: 17%
Loading project database - progress: 18%
Loading project database - progress: 19%
Loading project database - progress: 20%
Number of relations is 3068
Number of relations is 3068
Number of relations is 3068
Loading project database - progress: 21%
Loading project database - progress: 22%
Loading project database - progress: 23%
Loading project database - progress: 25%
Loading project database - progress: 26%
Loading project database - progress: 27%
Loading project database - progress: 28%
Loading project database - progress: 29%
Loading project database - progress: 30%
Loading project database - progress: 31%
Loading project database - progress: 32%
Loading project database - progress: 33%
Loading project database - progress: 34%
Loading project database - progress: 35%
Loading project database - progress: 36%
Loading project database - progress: 38%
Loading project database - progress: 39%
Loading project database - progress: 40%
Loading project database - progress: 41%
Loading project database - progress: 42%
Loading project database - progress: 43%
Loading project database - progress: 44%
Loading project database - progress: 45%
Loading project database - progress: 46%
Loading project database - progress: 47%
Loading project database - progress: 48%
Loading project database - progress: 50%
Loading project database - progress: 51%
Loading project database - progress: 52%
Loading project database - progress: 53%
Loading project database - progress: 54%
Loading project database - progress: 55%
Loading project database - progress: 56%
Loading project database - progress: 57%
Loading project database - progress: 58%
Loading project database - progress: 59%
Loading project database - progress: 60%
Loading project database - progress: 61%
Loading project database - progress: 63%
Loading project database - progress: 64%
Loading project database - progress: 65%
Loading project database - progress: 66%
Loading project database - progress: 67%
Loading project database - progress: 68%
Loading project database - progress: 69%
Loading project database - progress: 70%
Loading project database - progress: 71%
Loading project database - progress: 72%
Loading project database - progress: 73%
Loading project database - progress: 75%
Loading project database - progress: 76%
Loading project database - progress: 77%
Loading project database - progress: 78%
Loading project database - progress: 79%
Loading project database - progress: 80%
Loading project database - progress: 81%
Loading project database - progress: 82%
Loading project database - progress: 83%
Loading project database - progress: 84%
Loading project database - progress: 85%
Loading project database - progress: 86%
Loading project database - progress: 88%
Loading project database - progress: 89%
Loading project database - progress: 90%
Loading project database - progress: 91%
Loading project database - progress: 92%
Loading project database - progress: 93%
Loading project database - progress: 94%
Loading project database - progress: 95%
Loading project database - progress: 96%
Loading project database - progress: 97%
Loading project database - progress: 98%
Loading project database - progress: 100%

kwloaddb exit value: 0
